%MEM
 0.7
%MEM
 1.8
%MEM
 4.7
%MEM
 4.7
%MEM
 5.3
%MEM
 6.5
%MEM
 8.3
%MEM
 8.4
%MEM
 9.1
%MEM
 9.1
%MEM
 9.1
%MEM
 9.1
%MEM
 9.1
%MEM
 9.6
%MEM
 9.6
%MEM
 9.6
%MEM
 9.6
%MEM
 9.6
%MEM
 9.7
%MEM
 9.7
%MEM
 9.7
%MEM
 9.7
%MEM
 9.7
%MEM
 9.7
%MEM
10.3
%MEM
10.3
%MEM
10.3
%MEM
10.3
%MEM
10.3
%MEM
10.3
%MEM
10.7
%MEM
11.3
%MEM
11.3
%MEM
11.3
%MEM
11.4
%MEM
11.3
%MEM
11.3
%MEM
11.3
%MEM
11.8
%MEM
11.8
%MEM
11.8
%MEM
11.8
%MEM
11.8
%MEM
11.8
%MEM
11.8
%MEM
11.8
%MEM
11.8
%MEM
11.8
%MEM
11.8
%MEM
11.8
%MEM
11.8
%MEM
11.8
%MEM
11.8
%MEM
11.8
%MEM
12.3
%MEM
12.3
%MEM
12.3
%MEM
12.3
%MEM
12.3
%MEM
12.3
%MEM
12.3
%MEM
12.3
%MEM
12.3
%MEM
12.3
%MEM
12.3
%MEM
12.3
%MEM
12.3
%MEM
12.3
%MEM
12.3
%MEM
12.3
%MEM
12.7
%MEM
12.7
%MEM
12.7
%MEM
12.7
%MEM
12.7
%MEM
12.7
%MEM
12.7
%MEM
12.7
%MEM
12.7
%MEM
12.7
%MEM
12.7
%MEM
12.7
%MEM
12.7
%MEM
12.7
%MEM
12.7
%MEM
12.7
%MEM
12.7
%MEM
12.7
%MEM
12.9
%MEM
12.9
%MEM
12.9
%MEM
12.9
%MEM
12.9
%MEM
12.9
%MEM
12.9
%MEM
12.9
%MEM
12.9
%MEM
12.9
%MEM
12.9
%MEM
12.9
%MEM
12.9
%MEM
12.9
%MEM
12.9
%MEM
12.9
%MEM
12.9
%MEM
12.9
%MEM
12.9
%MEM
13.4
%MEM
13.4
%MEM
13.4
%MEM
13.4
%MEM
13.4
%MEM
13.4
%MEM
13.4
%MEM
13.4
%MEM
13.4
%MEM
13.4
%MEM
13.4
%MEM
13.4
%MEM
13.4
%MEM
13.4
%MEM
13.4
%MEM
13.4
%MEM
13.4
%MEM
13.4
%MEM
13.4
%MEM
13.4
%MEM
13.4
%MEM
13.4
%MEM
13.4
%MEM
13.4
%MEM
13.4
%MEM
13.5
%MEM
13.5
%MEM
13.5
%MEM
13.5
%MEM
13.5
%MEM
13.5
%MEM
13.5
%MEM
13.5
%MEM
13.5
%MEM
13.5
%MEM
13.5
%MEM
13.5
%MEM
13.5
%MEM
13.6
%MEM
13.6
%MEM
13.6
%MEM
13.6
%MEM
13.6
%MEM
13.6
%MEM
13.6
%MEM
13.6
%MEM
13.6
%MEM
13.6
%MEM
13.6
%MEM
13.6
%MEM
13.6
%MEM
13.6
%MEM
13.6
%MEM
13.6
%MEM
13.6
%MEM
13.6
%MEM
13.6
%MEM
13.6
%MEM
13.6
%MEM
13.6
%MEM
13.6
%MEM
13.6
%MEM
13.6
%MEM
13.6
%MEM
13.6
%MEM
13.6
%MEM
13.6
%MEM
13.6
%MEM
13.6
%MEM
13.6
%MEM
13.6
%MEM
13.6
%MEM
13.6
%MEM
13.6
%MEM
13.9
%MEM
13.9
%MEM
13.9
%MEM
13.9
%MEM
13.9
%MEM
13.9
%MEM
13.9
%MEM
13.9
%MEM
13.9
%MEM
13.9
%MEM
13.9
%MEM
13.9
%MEM
13.9
%MEM
13.9
%MEM
13.9
%MEM
13.9
%MEM
14.1
%MEM
14.1
%MEM
14.1
%MEM
14.1
%MEM
14.1
%MEM
14.2
%MEM
14.2
%MEM
14.2
%MEM
14.2
%MEM
14.2
%MEM
14.2
%MEM
14.2
%MEM
14.2
%MEM
14.2
%MEM
14.2
%MEM
14.2
%MEM
14.2
%MEM
14.2
%MEM
14.2
%MEM
14.2
%MEM
14.2
%MEM
14.2
%MEM
14.2
%MEM
14.2
%MEM
14.2
%MEM
14.2
%MEM
14.2
%MEM
14.2
%MEM
14.2
%MEM
14.2
%MEM
14.2
%MEM
14.2
%MEM
14.2
%MEM
14.2
%MEM
14.2
%MEM
14.2
%MEM
14.2
%MEM
14.2
%MEM
14.2
%MEM
14.2
%MEM
14.2
%MEM
14.2
%MEM
14.2
%MEM
14.2
%MEM
14.2
%MEM
14.2
%MEM
14.2
%MEM
14.2
%MEM
14.2
%MEM
14.2
%MEM
14.2
%MEM
14.2
%MEM
14.2
%MEM
14.2
%MEM
14.2
%MEM
14.2
%MEM
14.2
%MEM
14.2
%MEM
14.2
%MEM
14.2
%MEM
14.2
%MEM
14.2
%MEM
14.2
%MEM
14.2
%MEM
14.2
%MEM
14.2
%MEM
14.2
%MEM
14.2
%MEM
14.2
%MEM
14.2
%MEM
14.2
%MEM
14.2
%MEM
14.2
%MEM
14.2
%MEM
14.2
%MEM
14.2
%MEM
14.2
%MEM
14.2
%MEM
14.2
%MEM
14.2
%MEM
14.2
%MEM
14.2
%MEM
14.2
%MEM
14.2
%MEM
14.2
%MEM
14.2
%MEM
14.2
%MEM
14.2
%MEM
14.2
%MEM
14.2
%MEM
14.2
%MEM
14.2
%MEM
14.2
%MEM
14.2
%MEM
14.2
%MEM
14.2
%MEM
14.2
%MEM
14.2
%MEM
14.2
%MEM
14.2
%MEM
14.2
%MEM
14.2
%MEM
14.2
%MEM
14.2
%MEM
14.2
%MEM
14.2
