%MEM
 0.5
%MEM
 1.8
%MEM
 4.7
%MEM
 4.7
%MEM
 5.4
%MEM
 6.1
%MEM
 8.1
%MEM
 8.3
%MEM
 8.9
%MEM
 9.0
%MEM
 9.0
%MEM
 9.0
%MEM
 9.0
%MEM
 9.0
%MEM
 9.0
%MEM
 9.0
%MEM
 9.0
%MEM
 9.0
%MEM
10.4
%MEM
10.4
%MEM
10.4
%MEM
10.4
%MEM
10.4
%MEM
10.4
%MEM
10.4
%MEM
10.4
%MEM
10.4
%MEM
10.4
%MEM
10.4
%MEM
10.4
%MEM
12.8
%MEM
12.8
%MEM
12.8
%MEM
12.8
%MEM
12.8
%MEM
12.8
%MEM
12.8
%MEM
12.8
%MEM
12.8
%MEM
12.8
%MEM
12.8
%MEM
12.8
%MEM
12.8
%MEM
12.8
%MEM
12.8
%MEM
15.2
%MEM
15.2
%MEM
15.2
%MEM
15.2
%MEM
15.2
%MEM
15.7
%MEM
16.6
%MEM
16.6
%MEM
17.7
%MEM
17.7
%MEM
17.7
%MEM
17.7
%MEM
17.7
%MEM
19.0
%MEM
19.0
%MEM
19.0
%MEM
19.0
%MEM
19.0
%MEM
19.0
%MEM
19.0
%MEM
19.1
%MEM
19.1
%MEM
19.1
%MEM
19.1
%MEM
19.1
%MEM
21.1
%MEM
21.1
%MEM
21.1
%MEM
21.1
%MEM
21.1
%MEM
21.1
%MEM
21.1
%MEM
21.1
%MEM
21.1
%MEM
21.1
%MEM
21.1
%MEM
21.1
%MEM
21.1
%MEM
21.1
%MEM
21.1
%MEM
21.4
%MEM
21.4
%MEM
21.4
%MEM
21.4
%MEM
21.4
%MEM
21.4
%MEM
21.4
%MEM
21.4
%MEM
21.4
%MEM
21.4
%MEM
21.4
%MEM
21.4
%MEM
21.4
%MEM
21.4
%MEM
21.4
%MEM
21.4
%MEM
21.4
%MEM
22.9
%MEM
22.9
%MEM
22.9
%MEM
22.9
%MEM
22.9
%MEM
22.9
%MEM
22.9
%MEM
22.9
%MEM
22.9
%MEM
22.9
%MEM
22.9
%MEM
22.9
%MEM
22.9
%MEM
22.9
%MEM
22.9
%MEM
22.9
%MEM
23.3
%MEM
23.3
%MEM
23.3
%MEM
23.3
%MEM
23.3
%MEM
23.3
%MEM
23.3
%MEM
23.3
%MEM
23.3
%MEM
23.3
%MEM
23.3
%MEM
23.3
%MEM
23.3
%MEM
23.3
%MEM
23.3
%MEM
23.3
%MEM
23.8
%MEM
23.8
%MEM
23.8
%MEM
23.8
%MEM
23.8
%MEM
23.8
%MEM
23.8
%MEM
23.8
%MEM
23.8
%MEM
23.8
%MEM
23.8
%MEM
23.8
%MEM
23.8
%MEM
23.8
%MEM
23.8
%MEM
23.8
%MEM
23.8
%MEM
23.8
%MEM
23.8
%MEM
23.8
%MEM
23.8
%MEM
23.8
%MEM
23.8
%MEM
23.8
%MEM
23.8
%MEM
23.8
%MEM
23.8
%MEM
23.8
%MEM
23.8
%MEM
23.8
%MEM
23.8
%MEM
23.8
%MEM
23.8
%MEM
23.8
%MEM
23.8
%MEM
24.5
%MEM
24.5
%MEM
24.5
%MEM
24.5
%MEM
24.5
%MEM
24.5
%MEM
24.5
%MEM
24.5
%MEM
24.5
%MEM
24.5
%MEM
24.5
%MEM
24.5
%MEM
24.5
%MEM
24.5
%MEM
24.5
%MEM
24.5
%MEM
24.5
%MEM
25.2
%MEM
25.2
%MEM
25.2
%MEM
25.2
%MEM
25.2
%MEM
25.2
%MEM
25.2
%MEM
25.2
%MEM
25.2
%MEM
25.2
%MEM
25.2
%MEM
25.2
%MEM
25.2
%MEM
25.2
%MEM
25.2
%MEM
25.2
%MEM
25.2
%MEM
25.2
%MEM
25.4
%MEM
25.4
%MEM
25.4
%MEM
25.4
%MEM
25.4
%MEM
25.4
%MEM
25.4
%MEM
25.4
%MEM
25.4
%MEM
25.4
%MEM
25.4
%MEM
25.4
%MEM
25.4
%MEM
25.4
%MEM
25.4
%MEM
25.4
%MEM
25.4
%MEM
25.4
%MEM
25.4
%MEM
25.4
%MEM
25.4
%MEM
25.4
%MEM
25.4
%MEM
25.4
%MEM
25.4
%MEM
25.4
%MEM
25.4
%MEM
25.4
%MEM
25.4
%MEM
25.4
%MEM
25.4
%MEM
25.4
%MEM
25.4
%MEM
25.4
%MEM
25.4
%MEM
25.4
%MEM
25.4
%MEM
25.4
%MEM
25.4
%MEM
25.4
%MEM
25.4
%MEM
25.4
%MEM
25.4
%MEM
25.4
%MEM
25.4
%MEM
25.4
%MEM
25.4
%MEM
25.7
%MEM
25.7
%MEM
25.7
%MEM
25.7
%MEM
25.7
%MEM
30.1
%MEM
31.6
%MEM
31.6
%MEM
31.6
%MEM
31.6
%MEM
31.6
%MEM
31.6
%MEM
31.6
%MEM
31.6
%MEM
31.6
%MEM
31.6
%MEM
31.6
%MEM
31.6
%MEM
33.4
%MEM
33.4
%MEM
33.4
%MEM
33.4
%MEM
33.4
%MEM
33.4
%MEM
33.5
%MEM
33.5
%MEM
33.5
%MEM
33.5
%MEM
33.5
%MEM
33.7
%MEM
36.0
%MEM
36.0
%MEM
36.0
%MEM
36.0
%MEM
36.0
%MEM
35.9
%MEM
35.9
%MEM
35.9
%MEM
36.0
%MEM
36.0
%MEM
36.0
%MEM
36.0
%MEM
36.0
%MEM
35.9
%MEM
35.9
%MEM
35.9
%MEM
35.9
%MEM
35.9
%MEM
36.9
%MEM
37.6
%MEM
37.8
%MEM
37.8
%MEM
37.8
%MEM
37.8
%MEM
37.8
%MEM
37.8
%MEM
37.3
%MEM
37.3
%MEM
37.3
%MEM
37.3
%MEM
37.3
%MEM
37.3
%MEM
37.3
%MEM
37.3
%MEM
37.3
%MEM
37.3
%MEM
37.0
%MEM
37.0
%MEM
37.0
%MEM
38.3
%MEM
38.5
%MEM
38.5
%MEM
38.5
%MEM
38.5
%MEM
38.5
%MEM
39.7
%MEM
39.9
%MEM
39.9
%MEM
39.9
%MEM
39.9
%MEM
40.0
%MEM
40.0
%MEM
40.0
%MEM
40.0
%MEM
40.0
%MEM
40.0
%MEM
40.0
%MEM
40.0
%MEM
40.0
%MEM
40.0
%MEM
40.0
%MEM
39.8
%MEM
39.8
%MEM
39.8
%MEM
39.8
%MEM
39.1
%MEM
39.1
%MEM
39.1
%MEM
39.1
%MEM
38.4
%MEM
38.4
%MEM
38.4
%MEM
38.4
%MEM
37.8
%MEM
37.8
%MEM
37.8
%MEM
37.8
%MEM
37.2
%MEM
37.2
%MEM
37.2
%MEM
37.2
%MEM
36.7
%MEM
36.7
%MEM
36.7
%MEM
36.8
%MEM
36.8
%MEM
36.5
%MEM
36.5
%MEM
36.5
%MEM
36.5
%MEM
36.5
%MEM
36.4
%MEM
36.4
%MEM
36.4
%MEM
36.4
%MEM
36.4
%MEM
36.4
%MEM
36.4
%MEM
36.4
%MEM
36.4
%MEM
36.4
%MEM
36.4
%MEM
36.4
%MEM
36.4
%MEM
36.4
%MEM
36.4
%MEM
36.4
%MEM
36.4
%MEM
36.4
%MEM
36.5
%MEM
36.5
%MEM
36.5
%MEM
36.5
%MEM
36.5
%MEM
36.5
%MEM
36.5
%MEM
36.5
%MEM
36.5
%MEM
36.5
%MEM
36.5
%MEM
36.5
%MEM
36.5
%MEM
36.5
%MEM
36.5
%MEM
36.5
%MEM
36.5
%MEM
37.4
%MEM
37.4
%MEM
37.4
%MEM
37.4
%MEM
37.4
%MEM
37.4
%MEM
37.4
%MEM
37.4
%MEM
37.4
%MEM
38.0
%MEM
38.0
%MEM
38.0
%MEM
38.0
%MEM
38.0
%MEM
38.0
%MEM
38.0
%MEM
38.0
%MEM
38.0
%MEM
39.0
%MEM
39.0
%MEM
39.0
%MEM
39.0
%MEM
39.0
%MEM
39.0
%MEM
39.0
%MEM
39.0
%MEM
39.0
%MEM
43.0
%MEM
43.0
%MEM
43.0
%MEM
43.0
%MEM
43.0
%MEM
43.0
%MEM
43.0
%MEM
43.0
%MEM
43.0
%MEM
43.0
%MEM
43.0
%MEM
43.0
%MEM
43.0
%MEM
43.0
%MEM
43.0
%MEM
43.0
%MEM
43.0
%MEM
43.0
%MEM
43.0
%MEM
43.0
%MEM
43.0
